<?xml version="1.0" encoding="UTF-8"?>
<!-- Generated by org.testng.reporters.JUnitXMLReporter -->
<testsuite ignored="10" hostname="DESKTOP-B3B8FNT" failures="0" tests="7" name="smoke" time="114.675" errors="0" timestamp="2023-02-24T12:55:08 CET">
  <testcase classname="tests.smoke.BuyMultipleProducts" name="buyMultipleProducts" time="39.513"/>
  <testcase classname="tests.smoke.SearchTest" name="searchProduct" time="5.061"/>
  <testcase classname="tests.smoke.AddRemoveItemFromCart" name="addRemoveItem" time="16.717"/>
  <testcase classname="tests.smoke.ContactEmailInformation" name="clickOnEmailContact" time="3.126"/>
  <testcase classname="tests.smoke.ContactNumberInformation" name="clickOnPhoneNumberContact" time="3.13"/>
  <testcase classname="tests.smoke.LoginUser" name="loginUser" time="8.537"/>
  <testcase classname="tests.smoke.RegisterUser" name="loginUser" time="9.251"/>
  <testcase classname="tests.regression.LeaveLastNameFieldEmpty" name="buyMultipleProducts" time="0.0">
    <ignored/>
  </testcase> <!-- buyMultipleProducts -->
  <testcase classname="tests.regression.LeaveZipCodeFieldEmpty" name="buyMultipleProducts" time="0.0">
    <ignored/>
  </testcase> <!-- buyMultipleProducts -->
  <testcase classname="tests.regression.BuyProductMoreQuantity" name="buyProducts" time="0.0">
    <ignored/>
  </testcase> <!-- buyProducts -->
  <testcase classname="tests.regression.BuyProductWithComment" name="buyMultipleProducts" time="0.0">
    <ignored/>
  </testcase> <!-- buyMultipleProducts -->
  <testcase classname="tests.regression.LeaveCityFieldEmpty" name="buyMultipleProducts" time="0.0">
    <ignored/>
  </testcase> <!-- buyMultipleProducts -->
  <testcase classname="tests.regression.LeavePhoneNumberFieldEmpty" name="buyMultipleProducts" time="0.0">
    <ignored/>
  </testcase> <!-- buyMultipleProducts -->
  <testcase classname="tests.regression.LeaveStreetAddressFieldEmpty" name="buyMultipleProducts" time="0.0">
    <ignored/>
  </testcase> <!-- buyMultipleProducts -->
  <testcase classname="tests.regression.ClickOnShopNowButton" name="scrollAndClickButtonTest" time="0.0">
    <ignored/>
  </testcase> <!-- scrollAndClickButtonTest -->
  <testcase classname="tests.regression.LeaveEmailFieldEmpty" name="buyMultipleProducts" time="0.0">
    <ignored/>
  </testcase> <!-- buyMultipleProducts -->
  <testcase classname="tests.regression.LeaveFirstNameFieldEmpty" name="buyMultipleProducts" time="0.0">
    <ignored/>
  </testcase> <!-- buyMultipleProducts -->
</testsuite> <!-- smoke -->
